<?xml version="1.0" encoding="UTF-8"?>
<!-- Generated by org.testng.reporters.JUnitXMLReporter -->
<testsuite hostname="DESKTOP-CSDHVRH" ignored="0" name="Chrome-Test" tests="2" failures="0" timestamp="03 nov 2017 20:18:02 GMT" time="9.945" errors="0">
  <testcase name="paso1" time="2.952" classname="com.tsoftlatam.automatizacion.test.extentReport_2412.Test1Ejemplo"/>
  <testcase name="paso2" time="1.185" classname="com.tsoftlatam.automatizacion.test.extentReport_2412.Test1Ejemplo"/>
</testsuite> <!-- Chrome-Test -->
