<?xml version="1.0" encoding="UTF-8"?>
<!-- Generated by org.testng.reporters.JUnitXMLReporter -->
<testsuite hostname="DESKTOP-CSDHVRH" ignored="0" name="Demo" tests="2" failures="0" timestamp="03 nov 2017 13:14:44 GMT" time="10.308" errors="0">
  <testcase name="paso1" time="4.638" classname="com.tsoftlatam.automatizacion.test.extentReport_2412.Test1Ejemplo"/>
  <testcase name="paso2" time="2.047" classname="com.tsoftlatam.automatizacion.test.extentReport_2412.Test1Ejemplo"/>
</testsuite> <!-- Demo -->
