<?xml version="1.0" encoding="UTF-8"?>
<!-- Generated by org.testng.reporters.JUnitXMLReporter -->
<testsuite hostname="DESKTOP-CSDHVRH" ignored="0" name="Firefox-Test" tests="2" failures="1" timestamp="03 nov 2017 20:17:40 GMT" time="22.161" errors="0">
  <testcase name="paso1" time="3.516" classname="com.tsoftlatam.automatizacion.test.extentReport_2412.Test1Ejemplo"/>
  <testcase name="paso2" time="10.563" classname="com.tsoftlatam.automatizacion.test.extentReport_2412.Test1Ejemplo">
    <failure type="java.lang.AssertionError" message="NO ESTAMOS EN LA PAGINA LEAVE LIST">
      <![CDATA[java.lang.AssertionError: NO ESTAMOS EN LA PAGINA LEAVE LIST
	at com.tsoftlatam.automatizacion.test.extentReport_2412.Test1Ejemplo.paso2(Test1Ejemplo.java:63)
	at java.util.concurrent.ThreadPoolExecutor.runWorker(ThreadPoolExecutor.java:1149)
	at java.util.concurrent.ThreadPoolExecutor$Worker.run(ThreadPoolExecutor.java:624)
	at java.lang.Thread.run(Thread.java:748)
... Removed 11 stack frames]]>
    </failure>
  </testcase> <!-- paso2 -->
</testsuite> <!-- Firefox-Test -->
