<?xml version="1.0" encoding="UTF-8"?>
<!-- Generated by org.testng.reporters.JUnitXMLReporter -->
<testsuite hostname="DESKTOP-CSDHVRH" ignored="0" name="IE-Test" tests="2" failures="0" timestamp="03 nov 2017 20:17:52 GMT" time="11.959" errors="0">
  <testcase name="paso1" time="5.782" classname="com.tsoftlatam.automatizacion.test.extentReport_2412.Test1Ejemplo"/>
  <testcase name="paso2" time="2.596" classname="com.tsoftlatam.automatizacion.test.extentReport_2412.Test1Ejemplo"/>
</testsuite> <!-- IE-Test -->
